[Licensing::Module] Trying to connect to existing licensing client channel...
Built from '6000.4/staging' branch; Version is '6000.4.3f1 (39d1a88d4dd1) revision 3789224'; Using compiler version '194234433'; Build Type 'Release'
OS: 'Windows 11  (10.0.26100) Enterprise' Language: 'de' Physical Memory: 31887 MB
[Licensing::IpcConnector] Successfully connected to: "LicenseClient-$QN8K00-DOQQ93BLM3JK" at "2026-06-15T09:12:56.3556245Z"
BatchMode: 1, IsHumanControllingUs: 0, StartBugReporterOnCrash: 0, Is64bit: 1
System  architecture: x64
Process architecture: x64
Date: 2026-06-15T09:12:56Z

COMMAND LINE ARGUMENTS:
C:\Program Files\Unity\Hub\Editor\6000.4.3f1\Editor\Unity.exe
-adb2
-batchMode
-noUpm
-name
AssetImportWorker3
-projectPath
C:/Users/$QN8K00-DOQQ93BLM3JK/Desktop/VR Room
-logFile
Logs/AssetImportWorker3.log
-srvPort
59842
-licensingIpc
LicenseClient-$QN8K00-DOQQ93BLM3JK
-force-d3d12
-job-worker-count
7
-background-job-worker-count
8
-gc-helper-count
1
-name
AssetImport
Successfully changed project path to: C:/Users/$QN8K00-DOQQ93BLM3JK/Desktop/VR Room
C:/Users/$QN8K00-DOQQ93BLM3JK/Desktop/VR Room
[UnityMemory] Configuration Parameters - Can be set up in boot.config
    "memorysetup-temp-allocator-size-gi-baking-worker=262144"
    "memorysetup-temp-allocator-size-gi-baking-worker=262144"
    "memorysetup-temp-allocator-size-gi-baking-worker=262144"
    "memorysetup-temp-allocator-size-gi-baking-worker=262144"
    "memorysetup-temp-allocator-size-gi-baking-worker=262144"
    "memorysetup-temp-allocator-size-nav-mesh-worker=65536"
    "memorysetup-temp-allocator-size-audio-worker=65536"
    "memorysetup-temp-allocator-size-cloud-worker=32768"
    "memorysetup-temp-allocator-size-gfx=262144"
    "memorysetup-temp-allocator-size-preload-manager=33554432"
    "memorysetup-temp-allocator-size-job-worker=262144"
    "memorysetup-temp-allocator-size-background-worker=32768"
    "memorysetup-allocator-temp-initial-block-size-main=262144"
    "memorysetup-allocator-temp-initial-block-size-worker=262144"
    "memorysetup-bucket-allocator-granularity=16"
    "memorysetup-bucket-allocator-bucket-count=8"
    "memorysetup-bucket-allocator-block-size=33554432"
    "memorysetup-bucket-allocator-block-count=8"
    "memorysetup-main-allocator-block-size=16777216"
    "memorysetup-thread-allocator-block-size=16777216"
    "memorysetup-gfx-main-allocator-block-size=16777216"
    "memorysetup-gfx-thread-allocator-block-size=16777216"
    "memorysetup-cache-allocator-block-size=4194304"
    "memorysetup-typetree-allocator-block-size=2097152"
    "memorysetup-profiler-bucket-allocator-granularity=16"
    "memorysetup-profiler-bucket-allocator-bucket-count=8"
    "memorysetup-profiler-bucket-allocator-block-size=33554432"
    "memorysetup-profiler-bucket-allocator-block-count=8"
    "memorysetup-profiler-allocator-block-size=16777216"
    "memorysetup-profiler-editor-allocator-block-size=1048576"
    "memorysetup-temp-allocator-size-main=16777216"
    "memorysetup-job-temp-allocator-block-size=2097152"
    "memorysetup-job-temp-allocator-block-size-background=1048576"
    "memorysetup-job-temp-allocator-reduction-small-platforms=262144"
Player connection [24116]  Target information:

Player connection [24116]  * "[IP] 10.72.2.16 [Port] 0 [Flags] 2 [Guid] 3761582359 [EditorId] 3761582359 [Version] 1048832 [Id] WindowsEditor(7,LAB10-01) [Debug] 1 [PackageName] WindowsEditor [ProjectName] Editor" 

Player connection [24116] Host joined multi-casting on [225.0.0.222:54997]...
Player connection [24116] Host joined alternative multi-casting on [225.0.0.222:34997]...
JobSystem: Creating JobQueue using job-worker-count value 7
Input System module state changed to: Initialized.
[Physics::Module] Initialized fallback backend.
[Physics::Module] Id: 0xdecafbad
Library Redirect Path: Library/
[Physics::Module] Selected backend.
[Physics::Module] Name: PhysX
[Physics::Module] Id: 0xf2b8ea05
[Physics::Module] SDK Version: 4.1.2
[Physics::Module] Integration Version: 1.0.0
[Physics::Module] Threading Mode: Multi-Threaded
[Licensing::Module] Licensing is not yet initialized.
[Licensing::Client] Error: HandshakeResponse reported an error:
	ResponseCode: 505
	ResponseStatus: Unsupported protocol version '1.18.1'.
[Licensing::Module] Error: Failed to handshake to channel: "LicenseClient-$QN8K00-DOQQ93BLM3JK"
[Licensing::IpcConnector] LicenseClient-$QN8K00-DOQQ93BLM3JK channel disconnected successfully.
[Licensing::IpcConnector] Successfully connected to: "LicenseClient-$QN8K00-DOQQ93BLM3JK-6000.4.3" at "2026-06-15T09:12:57.4447508Z"
[Licensing::Client] Handshaking with LicensingClient:
  Version:                 1.18.1+9fbee8e
  Session Id:              2bf30480c9c0420197449aae3452900a
  Correlation Id:          7fc957a9936130a8c601a22eb457835c
  External correlation Id: 2493982119033429767
  Machine Id:              B8paVC/9VerrkOkSsm5eLdBed7o=
[Licensing::Module] Successfully connected to LicensingClient on channel: "LicenseClient-$QN8K00-DOQQ93BLM3JK-6000.4.3" (connect: 0.00s, validation: 0.00s, handshake: 0.91s)
[Licensing::IpcConnector] Successfully connected to: "LicenseClient-$QN8K00-DOQQ93BLM3JK-6000.4.3-notifications" at "2026-06-15T09:12:58.3545818Z"
[Licensing::Module] Licensing Background thread has ended after 2.00s
[Licensing::Module] Licensing is initialized (took 1.61s).
[Licensing::Client] Successfully resolved entitlement details
[Licensing::Module] License group:
  Id: 9072385501399-UnityPersXXXX
  Product: Unity Personal
  Type: Assigned
  Expiration: Unlimited
Refreshing native plugins compatible for Editor in 57.11 ms, found 14 plugins.
Preloading 1 native plugins for Editor in 28.55 ms.
Initialize engine version: 6000.4.3f1 (39d1a88d4dd1)
[Subsystems] Discovering subsystems at path C:/Program Files/Unity/Hub/Editor/6000.4.3f1/Editor/Data/Resources/UnitySubsystems
[Subsystems] Discovering subsystems at path C:/Users/$QN8K00-DOQQ93BLM3JK/Desktop/VR Room/Assets
Forcing GfxDevice: Direct3D 12
GfxDevice: creating device client; kGfxThreadingModeNonThreaded
d3d12: failed to query info queue interface (0x80004002).
Direct3D:
    Version:         Direct3D 12 [level 12.2]
    Renderer:        NVIDIA GeForce RTX 5070 (ID=0x2f04)
    Vendor:          NVIDIA
    VRAM:            11943 MB
    App VRAM Budget: 11175 MB
    Driver:          32.0.15.9186
Initialize mono
Mono path[0] = 'C:/Program Files/Unity/Hub/Editor/6000.4.3f1/Editor/Data/Managed'
Mono path[1] = 'C:/Program Files/Unity/Hub/Editor/6000.4.3f1/Editor/Data/MonoBleedingEdge/lib/mono/unityjit-win32'
Mono config path = 'C:/Program Files/Unity/Hub/Editor/6000.4.3f1/Editor/Data/MonoBleedingEdge/etc'
Using monoOptions --debugger-agent=transport=dt_socket,embedding=1,server=y,suspend=n,address=127.0.0.1:56056
CodeReloadManager initialized
Begin MonoManager ReloadAssembly
Registering precompiled unity dll's ...
Register platform support module: C:/Program Files/Unity/Hub/Editor/6000.4.3f1/Editor/Data/PlaybackEngines/WebGLSupport/UnityEditor.WebGL.Extensions.dll
Register platform support module: C:/Program Files/Unity/Hub/Editor/6000.4.3f1/Editor/Data/PlaybackEngines/WindowsStandaloneSupport/UnityEditor.WindowsStandalone.Extensions.dll
Register platform support module: C:/Program Files/Unity/Hub/Editor/6000.4.3f1/Editor/Data/PlaybackEngines/AndroidPlayer/UnityEditor.Android.Extensions.dll
Registered in 0.003829 seconds.
Native extension for Android target not found
Native extension for WindowsStandalone target not found
Native extension for WebGL target not found
Package Manager log level set to [2]
[Package Manager] Failed to launch server process. Reason: Unity was launched with the -noUpm command-line argument
[Package Manager] Unable to send message (not connected to server process).
[Package Manager] Cannot connect to Unity Package Manager local server
ScheduleIndexationOnStartup MainProcess:False IndexOnStartup:True
Mono: successfully reloaded assembly
- Finished resetting the current domain, in  0.255 seconds
Domain Reload Profiling: 793ms
	BeginReloadAssembly (144ms)
	RebuildCommonClasses (41ms)
	RebuildNativeTypeToScriptingClass (8ms)
	initialDomainReloadingComplete (111ms)
	LoadAllAssembliesAndSetupDomain (234ms)
		LoadAssemblies (146ms)
		AnalyzeDomain (222ms)
			TypeCache.Refresh (221ms)
				TypeCache.ScanAssembly (194ms)
	FinalizeReload (256ms)
		SetupLoadedEditorAssemblies (0ms)
			InitializePlatformSupportModulesInManaged (40ms)
			BeforeProcessingInitializeOnLoad (47ms)
			ProcessInitializeOnLoadAttributes (62ms)
			ProcessInitializeOnLoadMethodAttributes (59ms)
========================================================================
Worker process is ready to serve import requests
Import Worker Mode flag is 0x00
Begin MonoManager ReloadAssembly
[Licensing::Client] Successfully resolved entitlement details
Assembly Assembly-CSharp-Editor-firstpass.dll at Library/ScriptAssemblies/Assembly-CSharp-Editor-firstpass.dll not valid. Loading of assembly skipped.
Assembly Assembly-CSharp-firstpass.dll at Library/ScriptAssemblies/Assembly-CSharp-firstpass.dll not valid. Loading of assembly skipped.
Assembly DocCodeExamples.dll at Library/ScriptAssemblies/DocCodeExamples.dll not valid. Loading of assembly skipped.
Assembly TestNewCustomAssembly.dll at Library/ScriptAssemblies/TestNewCustomAssembly.dll not valid. Loading of assembly skipped.
Assembly Unity.Collections.BurstCompatibilityGen.dll at Library/ScriptAssemblies/Unity.Collections.BurstCompatibilityGen.dll not valid. Loading of assembly skipped.
Assembly Unity.Collections.DocCodeSamples.dll at Library/ScriptAssemblies/Unity.Collections.DocCodeSamples.dll not valid. Loading of assembly skipped.
Assembly Unity.Collections.PerformanceTests.dll at Library/ScriptAssemblies/Unity.Collections.PerformanceTests.dll not valid. Loading of assembly skipped.
Assembly Unity.Collections.Tests.dll at Library/ScriptAssemblies/Unity.Collections.Tests.dll not valid. Loading of assembly skipped.
Assembly Unity.Collections.Tests.Playmode.dll at Library/ScriptAssemblies/Unity.Collections.Tests.Playmode.dll not valid. Loading of assembly skipped.
Assembly Unity.InputSystem.IntegrationTests.dll at Library/ScriptAssemblies/Unity.InputSystem.IntegrationTests.dll not valid. Loading of assembly skipped.
Assembly Unity.Mathematics.Tests.dll at Library/ScriptAssemblies/Unity.Mathematics.Tests.dll not valid. Loading of assembly skipped.
Assembly Unity.Multiplayer.Center.Editor.Tests.dll at Library/ScriptAssemblies/Unity.Multiplayer.Center.Editor.Tests.dll not valid. Loading of assembly skipped.
Assembly Unity.Multiplayer.Center.Tests.dll at Library/ScriptAssemblies/Unity.Multiplayer.Center.Tests.dll not valid. Loading of assembly skipped.
Assembly Unity.Nuget.Mono-Cecil.dll at Library/ScriptAssemblies/Unity.Nuget.Mono-Cecil.dll not valid. Loading of assembly skipped.
Assembly Unity.PathTracing.Editor.Tests.dll at Library/ScriptAssemblies/Unity.PathTracing.Editor.Tests.dll not valid. Loading of assembly skipped.
Assembly Unity.PathTracing.Runtime.Tests.dll at Library/ScriptAssemblies/Unity.PathTracing.Runtime.Tests.dll not valid. Loading of assembly skipped.
Assembly Unity.RenderPipelines.Core.Editor.Tests.dll at Library/ScriptAssemblies/Unity.RenderPipelines.Core.Editor.Tests.dll not valid. Loading of assembly skipped.
Assembly Unity.RenderPipelines.Core.Runtime.Tests.dll at Library/ScriptAssemblies/Unity.RenderPipelines.Core.Runtime.Tests.dll not valid. Loading of assembly skipped.
Assembly Unity.RenderPipelines.Universal.Config.Editor.Tests.dll at Library/ScriptAssemblies/Unity.RenderPipelines.Universal.Config.Editor.Tests.dll not valid. Loading of assembly skipped.
Assembly Unity.RenderPipelines.Universal.Editor.Tests.dll at Library/ScriptAssemblies/Unity.RenderPipelines.Universal.Editor.Tests.dll not valid. Loading of assembly skipped.
Assembly Unity.RenderPipelines.Universal.Runtime.Tests.dll at Library/ScriptAssemblies/Unity.RenderPipelines.Universal.Runtime.Tests.dll not valid. Loading of assembly skipped.
Assembly Unity.Searcher.EditorTests.dll at Library/ScriptAssemblies/Unity.Searcher.EditorTests.dll not valid. Loading of assembly skipped.
Assembly Unity.ShaderGraph.Editor.Tests.dll at Library/ScriptAssemblies/Unity.ShaderGraph.Editor.Tests.dll not valid. Loading of assembly skipped.
Assembly Unity.TextMeshPro.Editor.Tests.dll at Library/ScriptAssemblies/Unity.TextMeshPro.Editor.Tests.dll not valid. Loading of assembly skipped.
Assembly Unity.TextMeshPro.Tests.dll at Library/ScriptAssemblies/Unity.TextMeshPro.Tests.dll not valid. Loading of assembly skipped.
Assembly Unity.UnifiedRayTracing.Editor.Tests.dll at Library/ScriptAssemblies/Unity.UnifiedRayTracing.Editor.Tests.dll not valid. Loading of assembly skipped.
Assembly Unity.XR.CoreUtils.CodeSamples.Tests.dll at Library/ScriptAssemblies/Unity.XR.CoreUtils.CodeSamples.Tests.dll not valid. Loading of assembly skipped.
Assembly Unity.XR.CoreUtils.Editor.Tests.dll at Library/ScriptAssemblies/Unity.XR.CoreUtils.Editor.Tests.dll not valid. Loading of assembly skipped.
Assembly Unity.XR.CoreUtils.Tests.dll at Library/ScriptAssemblies/Unity.XR.CoreUtils.Tests.dll not valid. Loading of assembly skipped.
Assembly Unity.XR.Hands.Editor.Tests.dll at Library/ScriptAssemblies/Unity.XR.Hands.Editor.Tests.dll not valid. Loading of assembly skipped.
Assembly Unity.XR.Hands.Tests.dll at Library/ScriptAssemblies/Unity.XR.Hands.Tests.dll not valid. Loading of assembly skipped.
Assembly Unity.XR.Interaction.Toolkit.Editor.Tests.dll at Library/ScriptAssemblies/Unity.XR.Interaction.Toolkit.Editor.Tests.dll not valid. Loading of assembly skipped.
Assembly Unity.XR.Interaction.Toolkit.Tests.dll at Library/ScriptAssemblies/Unity.XR.Interaction.Toolkit.Tests.dll not valid. Loading of assembly skipped.
Assembly Unity.XR.Management.EditorTests.dll at Library/ScriptAssemblies/Unity.XR.Management.EditorTests.dll not valid. Loading of assembly skipped.
Assembly Unity.XR.Management.TestPackage.dll at Library/ScriptAssemblies/Unity.XR.Management.TestPackage.dll not valid. Loading of assembly skipped.
Assembly Unity.XR.Management.TestPackage.Editor.dll at Library/ScriptAssemblies/Unity.XR.Management.TestPackage.Editor.dll not valid. Loading of assembly skipped.
Assembly Unity.XR.Management.Tests.dll at Library/ScriptAssemblies/Unity.XR.Management.Tests.dll not valid. Loading of assembly skipped.
Assembly Unity.XR.Management.Tests.Standalone.dll at Library/ScriptAssemblies/Unity.XR.Management.Tests.Standalone.dll not valid. Loading of assembly skipped.
Assembly Unity.XR.OpenXR.Editor.Tests.dll at Library/ScriptAssemblies/Unity.XR.OpenXR.Editor.Tests.dll not valid. Loading of assembly skipped.
Assembly Unity.XR.OpenXR.Tests.dll at Library/ScriptAssemblies/Unity.XR.OpenXR.Tests.dll not valid. Loading of assembly skipped.
Assembly Unity.XR.OpenXR.Ubuntu.Tests.dll at Library/ScriptAssemblies/Unity.XR.OpenXR.Ubuntu.Tests.dll not valid. Loading of assembly skipped.
Assembly Unity.XR.TestSupport.dll at Library/ScriptAssemblies/Unity.XR.TestSupport.dll not valid. Loading of assembly skipped.
Assembly UnityEditor.UI.Common.Tests.dll at Library/ScriptAssemblies/UnityEditor.UI.Common.Tests.dll not valid. Loading of assembly skipped.
Assembly UnityEditor.UI.EditorTests.dll at Library/ScriptAssemblies/UnityEditor.UI.EditorTests.dll not valid. Loading of assembly skipped.
Assembly UnityEditor.XR.LegacyInputHelpers.Tests.dll at Library/ScriptAssemblies/UnityEditor.XR.LegacyInputHelpers.Tests.dll not valid. Loading of assembly skipped.
Assembly UnityEngine.SpatialTracking.Tests.dll at Library/ScriptAssemblies/UnityEngine.SpatialTracking.Tests.dll not valid. Loading of assembly skipped.
Assembly UnityEngine.UI.Tests.dll at Library/ScriptAssemblies/UnityEngine.UI.Tests.dll not valid. Loading of assembly skipped.
Assembly UnityEngine.XR.OpenXR.CodeSamples.Editor.Tests.dll at Library/ScriptAssemblies/UnityEngine.XR.OpenXR.CodeSamples.Editor.Tests.dll not valid. Loading of assembly skipped.
Refreshing native plugins compatible for Editor in 28.88 ms, found 14 plugins.
Native extension for Android target not found
Native extension for WindowsStandalone target not found
Native extension for WebGL target not found
[Package Manager] Failed to launch server process. Reason: Unity was launched with the -noUpm command-line argument
[Package Manager] Unable to send message (not connected to server process).
[Package Manager] Cannot connect to Unity Package Manager local server
Refreshing native plugins compatible for Editor in 34.13 ms, found 14 plugins.
[Package Manager] Failed to launch server process. Reason: Unity was launched with the -noUpm command-line argument
[Package Manager] Unable to send message (not connected to server process).
[Package Manager] Cannot connect to Unity Package Manager local server
Launched and connected shader compiler UnityShaderCompiler.exe after 0.03 seconds
Material Pipeline Handlers have updated 2 material asset(s).
UnityEngine.Debug:ExtractStackTraceNoAlloc (byte*,int,string)
UnityEngine.StackTraceUtility:ExtractStackTrace ()
UnityEngine.DebugLogHandler:Internal_Log (UnityEngine.LogType,UnityEngine.LogOption,string,UnityEngine.Object)
UnityEngine.DebugLogHandler:LogFormat (UnityEngine.LogType,UnityEngine.Object,string,object[])
UnityEngine.Logger:Log (UnityEngine.LogType,object,UnityEngine.Object)
UnityEngine.Debug:Log (object,UnityEngine.Object)
UnityEngine.XR.Hands.Samples.VisualizerSample.MaterialPipelineHandler:SetPipelineShaders () (at Assets/Samples/XR Hands/1.8.0/HandVisualizer/Scripts/MaterialPipelineHandler.cs:155)
UnityEngine.XR.Hands.Samples.VisualizerSample.MaterialPipelineHandler:AutoRefreshPipelineShaders () (at Assets/Samples/XR Hands/1.8.0/HandVisualizer/Scripts/MaterialPipelineHandler.cs:97)
UnityEngine.XR.Hands.Samples.VisualizerSample.MaterialPipelineHandler:OnEnable () (at Assets/Samples/XR Hands/1.8.0/HandVisualizer/Scripts/MaterialPipelineHandler.cs:90)
UnityEditor.AssetDatabase:LoadAssetAtPath (string,System.Type)
UnityEditor.AssetDatabase:LoadAssetAtPath<UnityEngine.XR.Interaction.Toolkit.Samples.StarterAssets.MaterialPipelineHandler> (string)
UnityEngine.XR.Interaction.Toolkit.Samples.StarterAssets.RenderPipelineValidation:GetAllInstances () (at Assets/Samples/XR Interaction Toolkit/3.4.0/Starter Assets/Scripts/MaterialPipelineHandler.cs:28)
UnityEngine.XR.Interaction.Toolkit.Samples.StarterAssets.RenderPipelineValidation:.cctor () (at Assets/Samples/XR Interaction Toolkit/3.4.0/Starter Assets/Scripts/MaterialPipelineHandler.cs:15)
System.Runtime.CompilerServices.RuntimeHelpers:RunClassConstructor (System.RuntimeTypeHandle)
UnityEditor.EditorAssemblies:ProcessInitializeOnLoadAttributes (System.Type[])

(Filename: Assets/Samples/XR Hands/1.8.0/HandVisualizer/Scripts/MaterialPipelineHandler.cs Line: 155)

Exception while executing InitializeOnLoad for OculusLoader.EditorLoadOVRPlugin
UnityEngine.Debug:ExtractStackTraceNoAlloc (byte*,int,string)
UnityEngine.StackTraceUtility:ExtractStackTrace ()
UnityEngine.DebugLogHandler:Internal_Log (UnityEngine.LogType,UnityEngine.LogOption,string,UnityEngine.Object)
UnityEngine.DebugLogHandler:LogFormat (UnityEngine.LogType,UnityEngine.Object,string,object[])
UnityEngine.Logger:Log (UnityEngine.LogType,object)
UnityEngine.Debug:LogError (object)
UnityEditor.EditorAssemblies:ProcessInitializeOnLoadMethodAttributes ()

NullReferenceException: Object reference not set to an instance of an object
  at Unity.XR.Oculus.OculusLoader.AssetPathToAbsolutePath (System.String assetPath) [0x0003d] in .\Library\PackageCache\com.unity.xr.oculus@68ef97a4d91e\Runtime\OculusLoader.cs:312 
  at Unity.XR.Oculus.OculusLoader.EditorLoadOVRPlugin () [0x0008c] in .\Library\PackageCache\com.unity.xr.oculus@68ef97a4d91e\Runtime\OculusLoader.cs:297 
  at (wrapper managed-to-native) System.Reflection.RuntimeMethodInfo.InternalInvoke(System.Reflection.RuntimeMethodInfo,object,object[],System.Exception&)
  at System.Reflection.RuntimeMethodInfo.Invoke (System.Object obj, System.Reflection.BindingFlags invokeAttr, System.Reflection.Binder binder, System.Object[] parameters, System.Globalization.CultureInfo culture) [0x0006a] in <f713e1c3c5f545ce9b1df47230f4f853>:0 
Rethrow as TargetInvocationException: Exception has been thrown by the target of an invocation.
  at System.Reflection.RuntimeMethodInfo.Invoke (System.Object obj, System.Reflection.BindingFlags invokeAttr, System.Reflection.Binder binder, System.Object[] parameters, System.Globalization.CultureInfo culture) [0x00083] in <f713e1c3c5f545ce9b1df47230f4f853>:0 
  at System.Reflection.MethodBase.Invoke (System.Object obj, System.Object[] parameters) [0x00000] in <f713e1c3c5f545ce9b1df47230f4f853>:0 
  at UnityEditor.EditorAssemblies.ProcessInitializeOnLoadMethodAttributes () [0x0007b] in <569fd17d9cf9451992ce382bb65fa8d3>:0 
UnityEngine.DebugLogHandler:Internal_LogException_Injected(Exception, IntPtr)
UnityEngine.DebugLogHandler:Internal_LogException(Exception, Object)
UnityEngine.DebugLogHandler:LogException(Exception, Object)
UnityEngine.Logger:LogException(Exception, Object)
UnityEngine.Debug:LogException(Exception)
UnityEditor.EditorAssemblies:ProcessInitializeOnLoadMethodAttributes()

(Filename: ./Library/PackageCache/com.unity.xr.oculus@68ef97a4d91e/Runtime/OculusLoader.cs Line: 312)

ScheduleIndexationOnStartup MainProcess:False IndexOnStartup:True
Mono: successfully reloaded assembly
[Package Manager] Failed to launch server process. Reason: Unity was launched with the -noUpm command-line argument
[Package Manager] Unable to send message (not connected to server process).
[Package Manager] Cannot connect to Unity Package Manager local server
[Package Manager] Failed to launch server process. Reason: Unity was launched with the -noUpm command-line argument
[Package Manager] Unable to send message (not connected to server process).
[Package Manager] Cannot connect to Unity Package Manager local server
- Finished resetting the current domain, in  1.063 seconds
Domain Reload Profiling: 6173ms
	BeginReloadAssembly (194ms)
		DisableScriptedObjects (3ms)
		CreateAndSetChildDomain (27ms)
	RebuildCommonClasses (29ms)
	RebuildNativeTypeToScriptingClass (12ms)
	initialDomainReloadingComplete (4228ms)
	LoadAllAssembliesAndSetupDomain (648ms)
		LoadAssemblies (511ms)
		AnalyzeDomain (270ms)
			TypeCache.Refresh (180ms)
				TypeCache.ScanAssembly (164ms)
			BuildScriptInfoCaches (76ms)
			ResolveRequiredComponents (12ms)
	FinalizeReload (1063ms)
		SetupLoadedEditorAssemblies (0ms)
			InitializePlatformSupportModulesInManaged (9ms)
			BeforeProcessingInitializeOnLoad (131ms)
			ProcessInitializeOnLoadAttributes (531ms)
			ProcessInitializeOnLoadMethodAttributes (132ms)
			AfterProcessingInitializeOnLoad (4ms)
		AwakeInstancesAfterBackupRestoration (6ms)
Refreshing native plugins compatible for Editor in 38.47 ms, found 14 plugins.
Unloading 24 Unused Serialized files (Serialized files now loaded: 0)
Unloading 7958 unused Assets / (5.9 MB). Loaded Objects now: 8794.
Memory consumption went from 167.2 MB to 161.3 MB.
Total: 8.024800 ms (FindLiveObjects: 0.973200 ms CreateObjectMapping: 0.619900 ms MarkObjects: 4.073700 ms  DeleteObjects: 2.355600 ms)

========================================================================
Received Import Request.
  Time since last request: 4207.588964 seconds.
  path: Assets/Samples/XR Interaction Toolkit/3.4.1/Hands Interaction Demo/HandsDemoScene.unity
  importAddress: Guid(3ff35cecbcc52cc42945cf531638a60a) Importer(2089858483,b0f066a214c2f5e87bad3c948f4d605d)
Start importing Assets/Samples/XR Interaction Toolkit/3.4.1/Hands Interaction Demo/HandsDemoScene.unity using Guid(3ff35cecbcc52cc42945cf531638a60a) Importer(2089858483,b0f066a214c2f5e87bad3c948f4d605d) (ScriptedImporter) -> (Import Result ID: 'f93a8929f977c96e99e883d5a2dd10c8') in 0.0489273 seconds [static and dynamic dependencies]. Details - ImportResultOutputID=999780b22cf2d2c767a121a13e9cefd9 DependenciesID=68cb058c7ff5cd6704ccf264f02b15ba StaticDependenciesID=96ba12811d81c4a5e4fb6ed87991e490 
Number of updated asset objects reloaded before import = 0Number of asset objects unloaded after import = 1

========================================================================
Received Import Request.
  Time since last request: 0.000018 seconds.
  path: Assets/Samples/XR Interaction Toolkit/3.4.1/Hands Interaction Demo/DemoAssets/Affordances/Scale.asset
  importAddress: Guid(6c5f857510aad3f4c8df41fd90e934a5) Importer(2089858483,b0f066a214c2f5e87bad3c948f4d605d)
Start importing Assets/Samples/XR Interaction Toolkit/3.4.1/Hands Interaction Demo/DemoAssets/Affordances/Scale.asset using Guid(6c5f857510aad3f4c8df41fd90e934a5) Importer(2089858483,b0f066a214c2f5e87bad3c948f4d605d) (ScriptedImporter) -> (Import Result ID: '922bfc7de2ee40e172c45d7804b1812d') in 0.0254638 seconds [static and dynamic dependencies]. Details - ImportResultOutputID=db891c60a02a04a8deef3d8eeac696fc DependenciesID=5866bd95c4be901c3b016393943e0e70 StaticDependenciesID=83203d19d4d26d65da53ad11633ddfb9 
Number of updated asset objects reloaded before import = 0Number of asset objects unloaded after import = 1

========================================================================
Received Import Request.
  Time since last request: 0.000019 seconds.
  path: Assets/Samples/XR Interaction Toolkit/3.4.1/Hands Interaction Demo/Scripts/HandsOneEuroFilterPostProcessor.cs
  importAddress: Guid(bc6980b6cb3b4f12b6b75074e4ef59f3) Importer(2089858483,b0f066a214c2f5e87bad3c948f4d605d)
Start importing Assets/Samples/XR Interaction Toolkit/3.4.1/Hands Interaction Demo/Scripts/HandsOneEuroFilterPostProcessor.cs using Guid(bc6980b6cb3b4f12b6b75074e4ef59f3) Importer(2089858483,b0f066a214c2f5e87bad3c948f4d605d) (ScriptedImporter) -> (Import Result ID: '03c7a038b6d3813d0748f4a70b4442d6') in 0.0122132 seconds [static and dynamic dependencies]. Details - ImportResultOutputID=09f2f7d5808c039f4e30c4ccad3adffc DependenciesID=3a3d4ebb45969ed4d01e2deec6905fbf StaticDependenciesID=28fc0abea04d6b130a321a56d3f23c33 
Number of updated asset objects reloaded before import = 0Number of asset objects unloaded after import = 0

========================================================================
Received Import Request.
  Time since last request: 0.000028 seconds.
  path: Assets/Samples/XR Interaction Toolkit/3.4.1/Hands Interaction Demo/DemoAssets/Prefabs/UI/ScrollHandMenu.prefab
  importAddress: Guid(30194602712a0eb4980318e2379d1bb8) Importer(2089858483,b0f066a214c2f5e87bad3c948f4d605d)
Start importing Assets/Samples/XR Interaction Toolkit/3.4.1/Hands Interaction Demo/DemoAssets/Prefabs/UI/ScrollHandMenu.prefab using Guid(30194602712a0eb4980318e2379d1bb8) Importer(2089858483,b0f066a214c2f5e87bad3c948f4d605d) (ScriptedImporter) -> (Import Result ID: 'b2dbd35a46c44db9ba5582da318b7a99') in 0.0742591 seconds [static and dynamic dependencies]. Details - ImportResultOutputID=009cda60ecc976978c7bcb04ca743f1b DependenciesID=c0145810d46ab5b67d238ca3cf99b90a StaticDependenciesID=e67cefb05b22ae6ddfcad8f5c8803baa 
Number of updated asset objects reloaded before import = 0Number of asset objects unloaded after import = 251

========================================================================
Received Import Request.
  Time since last request: 0.000020 seconds.
  path: Assets/Samples/XR Interaction Toolkit/3.4.1/Hands Interaction Demo/Shaders/Subgraphs/FadeFromCenter.shadersubgraph
  importAddress: Guid(42ba907d16ca12e4ea44090883108545) Importer(2089858483,b0f066a214c2f5e87bad3c948f4d605d)
Start importing Assets/Samples/XR Interaction Toolkit/3.4.1/Hands Interaction Demo/Shaders/Subgraphs/FadeFromCenter.shadersubgraph using Guid(42ba907d16ca12e4ea44090883108545) Importer(2089858483,b0f066a214c2f5e87bad3c948f4d605d) (ScriptedImporter) -> (Import Result ID: '0d53a30ba7bc2339e70480ba59551a93') in 0.0103355 seconds [static and dynamic dependencies]. Details - ImportResultOutputID=efff05cef278ee32db48689b6290d77f DependenciesID=1498ca9f597b070c11aa92761a0504f3 StaticDependenciesID=f948b8d29ced7b0876b1d5a139e06ec6 
Number of updated asset objects reloaded before import = 0Number of asset objects unloaded after import = 1

========================================================================
Received Import Request.
  Time since last request: 0.000028 seconds.
  path: Assets/Samples/XR Interaction Toolkit/3.4.1/Hands Interaction Demo/Shaders/Unity_Hand_Noise.shadergraph
  importAddress: Guid(89a6790c28795dd4987bb267c3d05338) Importer(2089858483,b0f066a214c2f5e87bad3c948f4d605d)
Start importing Assets/Samples/XR Interaction Toolkit/3.4.1/Hands Interaction Demo/Shaders/Unity_Hand_Noise.shadergraph using Guid(89a6790c28795dd4987bb267c3d05338) Importer(2089858483,b0f066a214c2f5e87bad3c948f4d605d) (ScriptedImporter) -> (Import Result ID: '06a5ee00ed06e1fb7b4f104d6d97a33e') in 0.124023 seconds [static and dynamic dependencies]. Details - ImportResultOutputID=a949fcda01e876b17485b9c04e4afb76 DependenciesID=3eef4bf0b8901b8f403b3e532aa8b59b StaticDependenciesID=32ae0bae1a200f314b32c419d6ba15f4 
Number of updated asset objects reloaded before import = 0Number of asset objects unloaded after import = 10

========================================================================
Received Import Request.
  Time since last request: 0.000020 seconds.
  path: Assets/Samples/XR Interaction Toolkit/3.4.1/Hands Interaction Demo/Scripts/LocalPositionOffsetAffordanceReceiver.cs
  importAddress: Guid(865d01d2834c9cb4caa8f2c901104c2d) Importer(2089858483,b0f066a214c2f5e87bad3c948f4d605d)
Start importing Assets/Samples/XR Interaction Toolkit/3.4.1/Hands Interaction Demo/Scripts/LocalPositionOffsetAffordanceReceiver.cs using Guid(865d01d2834c9cb4caa8f2c901104c2d) Importer(2089858483,b0f066a214c2f5e87bad3c948f4d605d) (ScriptedImporter) -> (Import Result ID: 'df5dd70515851c32be03fdfa72c42e59') in 0.0049659 seconds [static and dynamic dependencies]. Details - ImportResultOutputID=582782fa34234fb1dbfbbaf6b5b568c2 DependenciesID=bc376d78b91f4a508697c7357d261c7b StaticDependenciesID=c23410dfc8a924ed80212e6251f4a5d9 
Number of updated asset objects reloaded before import = 0Number of asset objects unloaded after import = 0

========================================================================
Received Import Request.
  Time since last request: 0.000028 seconds.
  path: Assets/Samples/XR Interaction Toolkit/3.4.1/Hands Interaction Demo/AffordanceThemes/PinchPointEdgeStrength.asset
  importAddress: Guid(2d9d4878bfb037248af1d243a0638dd0) Importer(2089858483,b0f066a214c2f5e87bad3c948f4d605d)
Start importing Assets/Samples/XR Interaction Toolkit/3.4.1/Hands Interaction Demo/AffordanceThemes/PinchPointEdgeStrength.asset using Guid(2d9d4878bfb037248af1d243a0638dd0) Importer(2089858483,b0f066a214c2f5e87bad3c948f4d605d) (ScriptedImporter) -> (Import Result ID: '34b87422d1a4df1ba2b006865df6058e') in 0.009243 seconds [static and dynamic dependencies]. Details - ImportResultOutputID=6ee1b4743e6a88363eabd873c2045708 DependenciesID=da4370dedc896725cd39122365154474 StaticDependenciesID=7b9e8974e51f9996f53c5cf3da85254b 
Number of updated asset objects reloaded before import = 0Number of asset objects unloaded after import = 1

========================================================================
Received Import Request.
  Time since last request: 0.000016 seconds.
  path: Assets/Samples/XR Interaction Toolkit/3.4.1/Hands Interaction Demo/DemoAssets/Prefabs/SimpleSocket.prefab
  importAddress: Guid(aec71f91a8da27d418aa44bd0c543f9b) Importer(2089858483,b0f066a214c2f5e87bad3c948f4d605d)
Start importing Assets/Samples/XR Interaction Toolkit/3.4.1/Hands Interaction Demo/DemoAssets/Prefabs/SimpleSocket.prefab using Guid(aec71f91a8da27d418aa44bd0c543f9b) Importer(2089858483,b0f066a214c2f5e87bad3c948f4d605d) (ScriptedImporter) -> (Import Result ID: '41be34cd8f4c866495b4c257bfe53563') in 0.0320319 seconds [static and dynamic dependencies]. Details - ImportResultOutputID=278ffd7edf7436e1f906f2c0c1a0927f DependenciesID=adf914414848ae44562138b1ee082c03 StaticDependenciesID=25bb44222dd5565831bcd71f3ed7fb91 
Number of updated asset objects reloaded before import = 0Number of asset objects unloaded after import = 26

========================================================================
Received Import Request.
  Time since last request: 0.000020 seconds.
  path: Assets/Samples/XR Interaction Toolkit/3.4.1/Hands Interaction Demo/DemoAssets/Materials/Table Surface.mat
  importAddress: Guid(6c72d2d2ead00e54db4b71b27ffb03d4) Importer(2089858483,b0f066a214c2f5e87bad3c948f4d605d)
Start importing Assets/Samples/XR Interaction Toolkit/3.4.1/Hands Interaction Demo/DemoAssets/Materials/Table Surface.mat using Guid(6c72d2d2ead00e54db4b71b27ffb03d4) Importer(2089858483,b0f066a214c2f5e87bad3c948f4d605d) (ScriptedImporter) -> (Import Result ID: '79ff814f087ebaa3bfff42796ab6ddfa') in 0.0093849 seconds [static and dynamic dependencies]. Details - ImportResultOutputID=270241bcabe84c25ab660d7340872d91 DependenciesID=81945cbd7f487862860c85bcc09af0bc StaticDependenciesID=8029f5466aed204013744aee3ac6872e 
Number of updated asset objects reloaded before import = 0Number of asset objects unloaded after import = 1

========================================================================
Received Import Request.
  Time since last request: 0.000031 seconds.
  path: Assets/Samples/XR Interaction Toolkit/3.4.1/Hands Interaction Demo/Shaders/Unity_Hand.shadergraph
  importAddress: Guid(bd11349dc99f3fd4083ef2f86cee9c1f) Importer(2089858483,b0f066a214c2f5e87bad3c948f4d605d)
Start importing Assets/Samples/XR Interaction Toolkit/3.4.1/Hands Interaction Demo/Shaders/Unity_Hand.shadergraph using Guid(bd11349dc99f3fd4083ef2f86cee9c1f) Importer(2089858483,b0f066a214c2f5e87bad3c948f4d605d) (ScriptedImporter) -> (Import Result ID: 'c21d084ce4fa1f3041907e7af7c5ea8e') in 0.1341145 seconds [static and dynamic dependencies]. Details - ImportResultOutputID=ccd1b4db9ffecaf49f21c85c36b93281 DependenciesID=cf6073d86324bad2ad8c644bc97065fc StaticDependenciesID=affaad94747fd601a3a5bc62a3bb7be1 
Number of updated asset objects reloaded before import = 0Number of asset objects unloaded after import = 10

========================================================================
Received Import Request.
  Time since last request: 0.000021 seconds.
  path: Assets/Samples/XR Interaction Toolkit/3.4.1/Hands Interaction Demo/DemoAssets/Models/Primitives/Cylinder.fbx
  importAddress: Guid(bf65382e5e6d14e7f8140e4204ce07e2) Importer(2089858483,b0f066a214c2f5e87bad3c948f4d605d)
Start importing Assets/Samples/XR Interaction Toolkit/3.4.1/Hands Interaction Demo/DemoAssets/Models/Primitives/Cylinder.fbx using Guid(bf65382e5e6d14e7f8140e4204ce07e2) Importer(2089858483,b0f066a214c2f5e87bad3c948f4d605d) (ScriptedImporter) -> (Import Result ID: '4ef90876f75650509a4c30d4cd2348cd') in 0.035679 seconds [static and dynamic dependencies]. Details - ImportResultOutputID=01b3605feff55d7bfb5c692fde3fb5ac DependenciesID=fba0c52f730f9be914527cd05b1cbf84 StaticDependenciesID=61333a70c7734ca88aebb7a93e893d7f 
Number of updated asset objects reloaded before import = 0Number of asset objects unloaded after import = 8

========================================================================
Received Import Request.
  Time since last request: 0.007157 seconds.
  path: Assets/Samples/XR Interaction Toolkit/3.4.1/Hands Interaction Demo/DemoAssets/Affordances/Audio.asset
  importAddress: Guid(57def9352cdee8548bfc9ebc6a55914a) Importer(2089858483,b0f066a214c2f5e87bad3c948f4d605d)
Start importing Assets/Samples/XR Interaction Toolkit/3.4.1/Hands Interaction Demo/DemoAssets/Affordances/Audio.asset using Guid(57def9352cdee8548bfc9ebc6a55914a) Importer(2089858483,b0f066a214c2f5e87bad3c948f4d605d) (ScriptedImporter) -> (Import Result ID: 'e90780300ffe9ca6949e40dfe8e1bc76') in 0.019615 seconds [static and dynamic dependencies]. Details - ImportResultOutputID=e7d4f2a65f24c488958ca67e0d79489d DependenciesID=a300bd34f2cd21e01353add81456633c StaticDependenciesID=d4d871db548ac423b8f4ea720541e3c0 
Number of updated asset objects reloaded before import = 0Number of asset objects unloaded after import = 3

========================================================================
Received Import Request.
  Time since last request: 0.712553 seconds.
  path: Assets/icons/home.png
  importAddress: Guid(fbb0afd81a3ec51458eafa19c77778b9) Importer(2089858483,b0f066a214c2f5e87bad3c948f4d605d)
Start importing Assets/icons/home.png using Guid(fbb0afd81a3ec51458eafa19c77778b9) Importer(2089858483,b0f066a214c2f5e87bad3c948f4d605d) (ScriptedImporter) -> (Import Result ID: '64c512a3a7e96f86a2306e19826fae9e') in 0.0334664 seconds [static and dynamic dependencies]. Details - ImportResultOutputID=0920ba7690da1cf410e3be23b6d5f97a DependenciesID=1bf3732891b3dff9d60d7247424b4b1b StaticDependenciesID=eb739ee6c1224291a96817a56b30e705 
Number of updated asset objects reloaded before import = 0Number of asset objects unloaded after import = 1

========================================================================
Received Import Request.
  Time since last request: 22.802864 seconds.
  path: Assets/Samples/XR Interaction Toolkit/3.4.0/Starter Assets/DemoAssets/Sprites/Circle_60x60 Outline 4.png
  importAddress: Guid(2f8349570a152884fb6cf7ebdc8c18b3) Importer(815301076,1909f56bfc062723c751e8b465ee728b)
Start importing Assets/Samples/XR Interaction Toolkit/3.4.0/Starter Assets/DemoAssets/Sprites/Circle_60x60 Outline 4.png using Guid(2f8349570a152884fb6cf7ebdc8c18b3) Importer(815301076,1909f56bfc062723c751e8b465ee728b) (PreviewImporter) -> (Import Result ID: '4b7b89f9fa94913dc4753b29efd778a4') in 0.0484684 seconds [static and dynamic dependencies]. Details - ImportResultOutputID=aee7d4d358c26d87b95f3739d42df795 DependenciesID=210864640933cdbbc5566323ef04f641 StaticDependenciesID=a5907cca0a98a60df21b2fe604e32905 
Number of updated asset objects reloaded before import = 0Number of asset objects unloaded after import = 3

========================================================================
Received Import Request.
  Time since last request: 0.000026 seconds.
  path: Assets/Samples/XR Interaction Toolkit/3.4.0/XR Device Simulator/UI/Controller/ControllerLeft.png
  importAddress: Guid(10abf1be8eef148d4aa4b96b2af7a9f0) Importer(815301076,1909f56bfc062723c751e8b465ee728b)
Start importing Assets/Samples/XR Interaction Toolkit/3.4.0/XR Device Simulator/UI/Controller/ControllerLeft.png using Guid(10abf1be8eef148d4aa4b96b2af7a9f0) Importer(815301076,1909f56bfc062723c751e8b465ee728b) (PreviewImporter) -> (Import Result ID: '1f4efb9c2d2214443acbcba489f207b0') in 0.0163723 seconds [static and dynamic dependencies]. Details - ImportResultOutputID=44c76f625aff918bb355977c1d2fced3 DependenciesID=50d8122267c9874bb009f2f7d0117e48 StaticDependenciesID=d30b1b903ba4a06afa75c940c1fbca38 
Number of updated asset objects reloaded before import = 0Number of asset objects unloaded after import = 3

========================================================================
Received Import Request.
  Time since last request: 2.035458 seconds.
  path: Assets/Samples/XR Interaction Toolkit/3.4.0/Starter Assets/DemoAssets/Sprites/Forward.png
  importAddress: Guid(f8ecc54972abacc46a93f671b0602139) Importer(815301076,1909f56bfc062723c751e8b465ee728b)
Start importing Assets/Samples/XR Interaction Toolkit/3.4.0/Starter Assets/DemoAssets/Sprites/Forward.png using Guid(f8ecc54972abacc46a93f671b0602139) Importer(815301076,1909f56bfc062723c751e8b465ee728b) (PreviewImporter) -> (Import Result ID: '0d559ef8fbd9c4e90b28a043b3fe8403') in 0.0106063 seconds [static and dynamic dependencies]. Details - ImportResultOutputID=1c2ecfd03077f0795c4262ea82bc4af1 DependenciesID=b960dca639e6bd65b0aeead77b03ed08 StaticDependenciesID=249da1f653e280e1be0f587463ac592a 
Number of updated asset objects reloaded before import = 0Number of asset objects unloaded after import = 3

========================================================================
Received Import Request.
  Time since last request: 0.000019 seconds.
  path: Assets/Samples/XR Interaction Toolkit/3.4.0/XR Device Simulator/UI/Hands/hand.png
  importAddress: Guid(290d158031622c645aa55f8bd981be12) Importer(815301076,1909f56bfc062723c751e8b465ee728b)
Start importing Assets/Samples/XR Interaction Toolkit/3.4.0/XR Device Simulator/UI/Hands/hand.png using Guid(290d158031622c645aa55f8bd981be12) Importer(815301076,1909f56bfc062723c751e8b465ee728b) (PreviewImporter) -> (Import Result ID: '5267861b5b03438ed052bd513a8786df') in 0.0145429 seconds [static and dynamic dependencies]. Details - ImportResultOutputID=f9f9208927adc2800e8af0875255b509 DependenciesID=9933fd3a29242577fa32445c3d174e26 StaticDependenciesID=af4db0edc389dddcaaa068e8df4fd5b4 
Number of updated asset objects reloaded before import = 0Number of asset objects unloaded after import = 3

========================================================================
Received Import Request.
  Time since last request: 19.334350 seconds.
  path: Assets/Samples/XR Interaction Toolkit/3.4.0/XR Device Simulator/UI/Hands/Hand_Poke.png
  importAddress: Guid(a2586e6b399337f409118c79273dc29d) Importer(815301076,1909f56bfc062723c751e8b465ee728b)
Start importing Assets/Samples/XR Interaction Toolkit/3.4.0/XR Device Simulator/UI/Hands/Hand_Poke.png using Guid(a2586e6b399337f409118c79273dc29d) Importer(815301076,1909f56bfc062723c751e8b465ee728b) (PreviewImporter) -> (Import Result ID: '13b7fe8cc1bae5f874e1096d8c151d5b') in 0.0161929 seconds [static and dynamic dependencies]. Details - ImportResultOutputID=f7c935af1b69f588da9de8c36dd2af1e DependenciesID=147ec70f53ec1e1a77f9fb77e636b2a8 StaticDependenciesID=70573dbb9c70a0d4e5c23f5a1a3def44 
Number of updated asset objects reloaded before import = 0Number of asset objects unloaded after import = 3

========================================================================
Received Import Request.
  Time since last request: 0.000020 seconds.
  path: Assets/Samples/XR Interaction Toolkit/3.4.0/XR Device Simulator/UI/Head/HMDOverlay.png
  importAddress: Guid(fb2db2f40ceaf458085c82fc17cfe800) Importer(815301076,1909f56bfc062723c751e8b465ee728b)
Start importing Assets/Samples/XR Interaction Toolkit/3.4.0/XR Device Simulator/UI/Head/HMDOverlay.png using Guid(fb2db2f40ceaf458085c82fc17cfe800) Importer(815301076,1909f56bfc062723c751e8b465ee728b) (PreviewImporter) -> (Import Result ID: '11cd72b33a3cea32cd0ccc54dfe1c793') in 0.0133624 seconds [static and dynamic dependencies]. Details - ImportResultOutputID=1a97807348e7c88f9aea95e503872c8a DependenciesID=2c406e6d379090f6ce4701efc265df83 StaticDependenciesID=066980c07a216b009457af80359bc51c 
Number of updated asset objects reloaded before import = 0Number of asset objects unloaded after import = 3

========================================================================
Received Import Request.
  Time since last request: 0.000033 seconds.
  path: Assets/Samples/XR Interaction Toolkit/3.4.0/XR Device Simulator/UI/Mouse/MouseR_d.png
  importAddress: Guid(308cc8b73722e43eab64c228a76560a6) Importer(815301076,1909f56bfc062723c751e8b465ee728b)
Start importing Assets/Samples/XR Interaction Toolkit/3.4.0/XR Device Simulator/UI/Mouse/MouseR_d.png using Guid(308cc8b73722e43eab64c228a76560a6) Importer(815301076,1909f56bfc062723c751e8b465ee728b) (PreviewImporter) -> (Import Result ID: '04cd57c67b4b8a25b975e230219c14ef') in 0.0132887 seconds [static and dynamic dependencies]. Details - ImportResultOutputID=06437636a498887094c2ea3b57a30d21 DependenciesID=a235a1bebebf56882b3d7c3c802cf890 StaticDependenciesID=2db700a64cc5782f7c2c3f3577c75791 
Number of updated asset objects reloaded before import = 0Number of asset objects unloaded after import = 3

========================================================================
Received Import Request.
  Time since last request: 0.000019 seconds.
  path: Assets/Samples/XR Interaction Toolkit/3.4.0/XR Device Simulator/UI/Head/XR.png
  importAddress: Guid(0265e2b6afccd49de9c1f0b3a1fb4285) Importer(815301076,1909f56bfc062723c751e8b465ee728b)
Start importing Assets/Samples/XR Interaction Toolkit/3.4.0/XR Device Simulator/UI/Head/XR.png using Guid(0265e2b6afccd49de9c1f0b3a1fb4285) Importer(815301076,1909f56bfc062723c751e8b465ee728b) (PreviewImporter) -> (Import Result ID: 'a0641dfe528c8b81e36d9c793eb6e1d2') in 0.0162953 seconds [static and dynamic dependencies]. Details - ImportResultOutputID=3ac791a780db396c706f00ad2c44e4bc DependenciesID=804feb75b64e104d6672c398054535f4 StaticDependenciesID=3623bf6f1e764db875b0ab74c06bf57e 
Number of updated asset objects reloaded before import = 0Number of asset objects unloaded after import = 3

========================================================================
Received Import Request.
  Time since last request: 0.000033 seconds.
  path: Assets/Samples/XR Interaction Toolkit/3.4.0/Starter Assets/DemoAssets/Sprites/LegibilityMask.png
  importAddress: Guid(a85d80c1edb5d2f458d42e79f78055b9) Importer(815301076,1909f56bfc062723c751e8b465ee728b)
Start importing Assets/Samples/XR Interaction Toolkit/3.4.0/Starter Assets/DemoAssets/Sprites/LegibilityMask.png using Guid(a85d80c1edb5d2f458d42e79f78055b9) Importer(815301076,1909f56bfc062723c751e8b465ee728b) (PreviewImporter) -> (Import Result ID: 'cdf089c0f9d48e6f7620530a8887d9a1') in 0.0219269 seconds [static and dynamic dependencies]. Details - ImportResultOutputID=6bec4f0b0c3384390269dcb681a0d506 DependenciesID=687d695e6ac2b27931185239ff2b5bc3 StaticDependenciesID=d2accc1b50be894acb66a1049f6b9080 
Number of updated asset objects reloaded before import = 0Number of asset objects unloaded after import = 3

========================================================================
Received Import Request.
  Time since last request: 0.000019 seconds.
  path: Assets/Samples/XR Interaction Toolkit/3.4.0/XR Device Simulator/UI/Head/xr_hmd.png
  importAddress: Guid(08548d5ac6b7bc64da0b332636c5cc91) Importer(815301076,1909f56bfc062723c751e8b465ee728b)
Start importing Assets/Samples/XR Interaction Toolkit/3.4.0/XR Device Simulator/UI/Head/xr_hmd.png using Guid(08548d5ac6b7bc64da0b332636c5cc91) Importer(815301076,1909f56bfc062723c751e8b465ee728b) (PreviewImporter) -> (Import Result ID: '82dd7f3a618231384dce77a01c4be4e8') in 0.0134586 seconds [static and dynamic dependencies]. Details - ImportResultOutputID=29facbc44e8ee198368dec0759719487 DependenciesID=9e6a709ddb0d671152f6e32f19af8515 StaticDependenciesID=0152ca4358db0b6d285d5936be6e059a 
Number of updated asset objects reloaded before import = 0Number of asset objects unloaded after import = 3

Editor requested this worker to shutdown with reason: Scaling down because of idle timeout
AssetImportWorker is now disconnected from the server
Process exiting
Exiting without the bug reporter. Application will terminate with return code 0